<?xml version="1.0" encoding="UTF-8"?>
<!-- Generated by org.testng.reporters.JUnitXMLReporter -->
<testsuite ignored="7" hostname="DESKTOP-02M5RK4" failures="0" tests="1" name="Default test" time="20.493" errors="0" timestamp="2024-11-05T19:55:02 IST">
  <testcase classname="test.CustomerDashboardTest" name="cancelContract" time="14.947"/>
  <testcase classname="test.CustomerDashboardTest" name="verifyProductAfterSwapping" time="0.0">
    <ignored/>
  </testcase> <!-- verifyProductAfterSwapping -->
  <testcase classname="test.CustomerDashboardTest" name="openContract" time="0.0">
    <ignored/>
  </testcase> <!-- openContract -->
  <testcase classname="test.CustomerDashboardTest" name="verifyProductPriceAfterSwapping" time="0.0">
    <ignored/>
  </testcase> <!-- verifyProductPriceAfterSwapping -->
  <testcase classname="test.CustomerDashboardTest" name="skipContract" time="0.0">
    <ignored/>
  </testcase> <!-- skipContract -->
  <testcase classname="test.CustomerDashboardTest" name="verifyDateAfterSkip" time="0.0">
    <ignored/>
  </testcase> <!-- verifyDateAfterSkip -->
  <testcase classname="test.CustomerDashboardTest" name="checkLanguageCustomerPortal" time="0.0">
    <ignored/>
  </testcase> <!-- checkLanguageCustomerPortal -->
  <testcase classname="test.CustomerDashboardTest" name="verifySwapProduct" time="0.0">
    <ignored/>
  </testcase> <!-- verifySwapProduct -->
</testsuite> <!-- Default test -->
