<?xml version="1.0" encoding="UTF-8"?>
<testng-results ignored="0" total="1" passed="1" failed="0" skipped="0">
  <reporter-output>
  </reporter-output>
  <suite started-at="2024-11-18T15:02:39 IST" name="Default suite" finished-at="2024-11-18T15:02:57 IST" duration-ms="17177">
    <groups>
    </groups>
    <test started-at="2024-11-18T15:02:39 IST" name="Default test" finished-at="2024-11-18T15:02:57 IST" duration-ms="17177">
      <class name="test.CustomerDashboardTest">
        <test-method is-config="true" signature="launchBrowser()[pri:0, instance:test.CustomerDashboardTest@72035809]" started-at="2024-11-18T15:02:40 IST" name="launchBrowser" finished-at="2024-11-18T15:02:43 IST" duration-ms="3518" status="PASS">
          <reporter-output>
          </reporter-output>
        </test-method> <!-- launchBrowser -->
        <test-method signature="verifySwapProduct()[pri:3, instance:test.CustomerDashboardTest@72035809]" started-at="2024-11-18T15:02:43 IST" name="verifySwapProduct" finished-at="2024-11-18T15:02:57 IST" duration-ms="13573" status="PASS">
          <reporter-output>
          </reporter-output>
        </test-method> <!-- verifySwapProduct -->
      </class> <!-- test.CustomerDashboardTest -->
    </test> <!-- Default test -->
  </suite> <!-- Default suite -->
</testng-results>
