<?xml version="1.0" encoding="UTF-8"?>
<testng-results ignored="0" total="1" passed="1" failed="0" skipped="0">
  <reporter-output>
  </reporter-output>
  <suite started-at="2024-11-05T19:54:42 IST" name="Default suite" finished-at="2024-11-05T19:55:02 IST" duration-ms="20493">
    <groups>
    </groups>
    <test started-at="2024-11-05T19:54:42 IST" name="Default test" finished-at="2024-11-05T19:55:02 IST" duration-ms="20493">
      <class name="test.CustomerDashboardTest">
        <test-method is-config="true" signature="launchBrowser()[pri:0, instance:test.CustomerDashboardTest@72cc7e6f]" started-at="2024-11-05T19:54:42 IST" name="launchBrowser" finished-at="2024-11-05T19:54:47 IST" duration-ms="5455" status="PASS">
          <reporter-output>
          </reporter-output>
        </test-method> <!-- launchBrowser -->
        <test-method signature="cancelContract()[pri:6, instance:test.CustomerDashboardTest@72cc7e6f]" started-at="2024-11-05T19:54:47 IST" name="cancelContract" finished-at="2024-11-05T19:55:02 IST" duration-ms="14947" status="PASS">
          <reporter-output>
          </reporter-output>
        </test-method> <!-- cancelContract -->
      </class> <!-- test.CustomerDashboardTest -->
    </test> <!-- Default test -->
  </suite> <!-- Default suite -->
</testng-results>
